0 info it worked if it ends with ok
1 verbose cli [ '/Users/akka/.nvm/versions/node/v6.3.1/bin/node',
1 verbose cli   '/Users/akka/.nvm/versions/node/v6.3.1/bin/npm',
1 verbose cli   'publish' ]
2 info using npm@3.10.3
3 info using node@v6.3.1
4 verbose publish [ '.' ]
5 silly cache add args [ '.', null ]
6 verbose cache add spec .
7 silly cache add parsed spec Result {
7 silly cache add   raw: '.',
7 silly cache add   scope: null,
7 silly cache add   escapedName: null,
7 silly cache add   name: null,
7 silly cache add   rawSpec: '.',
7 silly cache add   spec: '/Users/akka/dev/github/twitter-scraper',
7 silly cache add   type: 'directory' }
8 verbose addLocalDirectory /Users/akka/.npm/twitter-scraper/0.0.2/package.tgz not in flight; packing
9 verbose correctMkdir /Users/akka/.npm correctMkdir not in flight; initializing
10 info lifecycle twitter-scraper@0.0.2~prepublish: twitter-scraper@0.0.2
11 silly lifecycle twitter-scraper@0.0.2~prepublish: no script for prepublish, continuing
12 verbose tar pack [ '/Users/akka/.npm/twitter-scraper/0.0.2/package.tgz',
12 verbose tar pack   '/Users/akka/dev/github/twitter-scraper' ]
13 verbose tarball /Users/akka/.npm/twitter-scraper/0.0.2/package.tgz
14 verbose folder /Users/akka/dev/github/twitter-scraper
15 verbose addLocalTarball adding from inside cache /Users/akka/.npm/twitter-scraper/0.0.2/package.tgz
16 verbose correctMkdir /Users/akka/.npm correctMkdir not in flight; initializing
17 silly cache afterAdd twitter-scraper@0.0.2
18 verbose afterAdd /Users/akka/.npm/twitter-scraper/0.0.2/package/package.json not in flight; writing
19 verbose correctMkdir /Users/akka/.npm correctMkdir not in flight; initializing
20 verbose afterAdd /Users/akka/.npm/twitter-scraper/0.0.2/package/package.json written
21 silly publish { name: 'twitter-scraper',
21 silly publish   version: '0.0.2',
21 silly publish   description: 'Scrape user details from Twitter Accounts without using Twitter api',
21 silly publish   main: 'tscraper.js',
21 silly publish   author:
21 silly publish    { name: 'Akash Nimare',
21 silly publish      email: 'svnitakash@gmail.com',
21 silly publish      url: 'http://akashnimare.in' },
21 silly publish   license: 'MIT',
21 silly publish   repository:
21 silly publish    { type: 'git',
21 silly publish      url: 'git+https://github.com/akashnimare/twitter-scraper.git' },
21 silly publish   bin: { 'twitter-scraper': 'tscraper.js' },
21 silly publish   files: [ 'tscraper.js' ],
21 silly publish   keywords: [ 'twitter-scraper', 'twitter', 'Scrape', 'twitter api' ],
21 silly publish   preferGlobal: 'true',
21 silly publish   dependencies: { request: 'latest', cheerio: 'latest' },
21 silly publish   readme: 'Node Twitter Scraper\n===================\n\nUse this tool to scrape information for any given twitter account (without using the Twitter API).\n\n# Installation\n```\n$ npm install\n```\n# Usage\n```\n$ node tscraper.js <twitter_username>\n```\n#Example\n```\n$ node tscraper.js meakaakka\n```\n```javascript\n{ name: \'Akash Nimare\',\n  username: \'@meakaakka\',\n  bio: \'Undergrad Student @ NIT Surat | S15 @HackerRank | Currently working with @zulip |  FOSS\',\n  join_date: \'March 2011\',\n  tweets: \'852\',\n  following: \'794\',\n  followers: \'224\',\n  likes: \'343\' }\n```\n\n',
21 silly publish   readmeFilename: 'README.md',
21 silly publish   gitHead: '7be13e40ea3042888cbfe7ef57eb098502f88052',
21 silly publish   bugs: { url: 'https://github.com/akashnimare/twitter-scraper/issues' },
21 silly publish   homepage: 'https://github.com/akashnimare/twitter-scraper#readme',
21 silly publish   _id: 'twitter-scraper@0.0.2',
21 silly publish   scripts: {},
21 silly publish   _shasum: '7fd9f4cdd7a630135c0f458b75f87ca4ad1f3779',
21 silly publish   _from: '.' }
22 verbose getPublishConfig undefined
23 silly mapToRegistry name twitter-scraper
24 silly mapToRegistry using default registry
25 silly mapToRegistry registry https://registry.npmjs.org/
26 silly mapToRegistry data Result {
26 silly mapToRegistry   raw: 'twitter-scraper',
26 silly mapToRegistry   scope: null,
26 silly mapToRegistry   escapedName: 'twitter-scraper',
26 silly mapToRegistry   name: 'twitter-scraper',
26 silly mapToRegistry   rawSpec: '',
26 silly mapToRegistry   spec: 'latest',
26 silly mapToRegistry   type: 'tag' }
27 silly mapToRegistry uri https://registry.npmjs.org/twitter-scraper
28 verbose publish registryBase https://registry.npmjs.org/
29 silly publish uploading /Users/akka/.npm/twitter-scraper/0.0.2/package.tgz
30 verbose request uri https://registry.npmjs.org/twitter-scraper
31 verbose request sending authorization for write operation
32 info attempt registry request try #1 at 4:52:57 PM
33 verbose request using bearer token for auth
34 verbose request id 13c86d8c18ae6055
35 http request PUT https://registry.npmjs.org/twitter-scraper
36 http 403 https://registry.npmjs.org/twitter-scraper
37 verbose headers { 'content-type': 'application/json',
37 verbose headers   'cache-control': 'max-age=300',
37 verbose headers   'content-length': '109',
37 verbose headers   'accept-ranges': 'bytes',
37 verbose headers   date: 'Fri, 09 Sep 2016 11:23:01 GMT',
37 verbose headers   via: '1.1 varnish',
37 verbose headers   connection: 'keep-alive',
37 verbose headers   'x-served-by': 'cache-sin6926-SIN',
37 verbose headers   'x-cache': 'MISS',
37 verbose headers   'x-cache-hits': '0',
37 verbose headers   'x-timer': 'S1473420180.885765,VS0,VE854',
37 verbose headers   vary: 'Accept-Encoding' }
38 verbose request invalidating /Users/akka/.npm/registry.npmjs.org/twitter-scraper on PUT
39 error publish Failed PUT 403
40 verbose stack Error: you do not have permission to publish "twitter-scraper". Are you logged in as the correct user? : twitter-scraper
40 verbose stack     at makeError (/Users/akka/.nvm/versions/node/v6.3.1/lib/node_modules/npm/node_modules/npm-registry-client/lib/request.js:264:12)
40 verbose stack     at CachingRegistryClient.<anonymous> (/Users/akka/.nvm/versions/node/v6.3.1/lib/node_modules/npm/node_modules/npm-registry-client/lib/request.js:252:14)
40 verbose stack     at Request._callback (/Users/akka/.nvm/versions/node/v6.3.1/lib/node_modules/npm/node_modules/npm-registry-client/lib/request.js:172:14)
40 verbose stack     at Request.self.callback (/Users/akka/.nvm/versions/node/v6.3.1/lib/node_modules/npm/node_modules/request/request.js:200:22)
40 verbose stack     at emitTwo (events.js:106:13)
40 verbose stack     at Request.emit (events.js:191:7)
40 verbose stack     at Request.<anonymous> (/Users/akka/.nvm/versions/node/v6.3.1/lib/node_modules/npm/node_modules/request/request.js:1067:10)
40 verbose stack     at emitOne (events.js:101:20)
40 verbose stack     at Request.emit (events.js:188:7)
40 verbose stack     at IncomingMessage.<anonymous> (/Users/akka/.nvm/versions/node/v6.3.1/lib/node_modules/npm/node_modules/request/request.js:988:12)
41 verbose statusCode 403
42 verbose pkgid twitter-scraper
43 verbose cwd /Users/akka/dev/github/twitter-scraper
44 error Darwin 15.6.0
45 error argv "/Users/akka/.nvm/versions/node/v6.3.1/bin/node" "/Users/akka/.nvm/versions/node/v6.3.1/bin/npm" "publish"
46 error node v6.3.1
47 error npm  v3.10.3
48 error code E403
49 error you do not have permission to publish "twitter-scraper". Are you logged in as the correct user? : twitter-scraper
50 error If you need help, you may report this error at:
50 error     <https://github.com/npm/npm/issues>
51 verbose exit [ 1, true ]
